<?xml version="1.0" encoding="UTF-8"?>
<testng-results skipped="0" failed="0" ignored="0" total="1" passed="1">
  <reporter-output>
  </reporter-output>
  <suite name="Suite" duration-ms="11401" started-at="2019-04-07T11:37:30Z" finished-at="2019-04-07T11:37:41Z">
    <groups>
    </groups>
    <test name="Test" duration-ms="11401" started-at="2019-04-07T11:37:30Z" finished-at="2019-04-07T11:37:41Z">
      <class name="com.csg.tau.Googlesearch">
        <test-method status="PASS" signature="Test()[pri:0, instance:com.csg.tau.Googlesearch@4e7dc304]" name="Test" duration-ms="11383" started-at="2019-04-07T17:07:30Z" finished-at="2019-04-07T17:07:41Z">
          <reporter-output>
          </reporter-output>
        </test-method> <!-- Test -->
      </class> <!-- com.csg.tau.Googlesearch -->
    </test> <!-- Test -->
  </suite> <!-- Suite -->
</testng-results>
