<?xml version="1.0" encoding="UTF-8"?>
<testng-results skipped="0" failed="0" total="1" passed="1">
  <reporter-output>
  </reporter-output>
  <suite name="Default suite" duration-ms="10635" started-at="2019-04-07T11:34:05Z" finished-at="2019-04-07T11:34:16Z">
    <groups>
    </groups>
    <test name="Default test" duration-ms="10635" started-at="2019-04-07T11:34:05Z" finished-at="2019-04-07T11:34:16Z">
      <class name="com.csg.tau.Googlesearch">
        <test-method status="PASS" signature="Test()[pri:0, instance:com.csg.tau.Googlesearch@2c9f9fb0]" name="Test" duration-ms="10622" started-at="2019-04-07T17:04:05Z" finished-at="2019-04-07T17:04:16Z">
          <reporter-output>
          </reporter-output>
        </test-method> <!-- Test -->
      </class> <!-- com.csg.tau.Googlesearch -->
    </test> <!-- Default test -->
  </suite> <!-- Default suite -->
</testng-results>
